<?xml version="1.0" encoding="UTF-8"?>
<!-- Generated by org.testng.reporters.JUnitReportReporter -->
<testsuite hostname="TOSHIBA" failures="0" tests="1" name="test.T1Test" time="14.156" errors="1" timestamp="2023-07-14T12:19:12 IST" skipped="0">
  <testcase classname="test.T1Test" name="t1" time="14.156">
    <error message="element click intercepted: Element &lt;textarea class=&quot;gLFyf&quot; jsaction=&quot;paste:puy29d;&quot; id=&quot;APjFqb&quot; maxlength=&quot;2048&quot; name=&quot;q&quot; rows=&quot;1&quot; aria-activedescendant=&quot;&quot; aria-autocomplete=&quot;both&quot; aria-controls=&quot;Alh6id&quot; aria-expanded=&quot;false&quot; aria-haspopup=&quot;both&quot; aria-owns=&quot;Alh6id&quot; autocapitalize=&quot;off&quot; autocomplete=&quot;off&quot; autocorrect=&quot;off&quot; autofocus=&quot;&quot; role=&quot;combobox&quot; spellcheck=&quot;false&quot; title=&quot;Search&quot; type=&quot;search&quot; value=&quot;&quot; aria-label=&quot;Search&quot; data-ved=&quot;0ahUKEwiYranUzY2AAxUJz2EKHfJ2An0Q39UDCAQ&quot;&gt;&lt;/textarea&gt; is not clickable at point (275, 203). Other element would receive the click: &lt;iframe role=&quot;presentation&quot; frameborder=&quot;0&quot; scrolling=&quot;no&quot; name=&quot;callout&quot; src=&quot;https://ogs.google.com/widget/callout?prid=19028915&amp;amp;pgid=19027681&amp;amp;puid=3e9e72cbc9a83b93&amp;amp;cce=1&amp;amp;dc=1&amp;amp;origin=https%3A%2F%2Fwww.google.com&amp;amp;cn=callout&amp;amp;pid=1&amp;amp;spid=538&amp;amp;hl=en&quot; style=&quot;height: 100%; width: 100%; color-scheme: light;&quot;&gt;&lt;/iframe&gt;
  (Session info: chrome=109.0.5414.149)
Build info: version: &#039;4.10.0&#039;, revision: &#039;c14d967899&#039;
System info: os.name: &#039;Windows 8.1&#039;, os.arch: &#039;amd64&#039;, os.version: &#039;6.3&#039;, java.version: &#039;17.0.5&#039;
Driver info: org.openqa.selenium.chrome.ChromeDriver
Command: [0a53327fad95bbc8d4d45ebe0d57df1b, clickElement {id=acbfec52-c343-4290-afb4-dd5317bb2a9d}]
Capabilities {acceptInsecureCerts: false, browserName: chrome, browserVersion: 109.0.5414.149, chrome: {chromedriverVersion: 109.0.5414.74 (e7c5703604da..., userDataDir: C:\Users\ADMIN\AppData\Loca...}, goog:chromeOptions: {debuggerAddress: localhost:49646}, networkConnectionEnabled: false, pageLoadStrategy: normal, platformName: windows, proxy: Proxy(), se:cdp: ws://localhost:49646/devtoo..., se:cdpVersion: 109.0.5414.149, setWindowRect: true, strictFileInteractability: false, timeouts: {implicit: 0, pageLoad: 300000, script: 30000}, unhandledPromptBehavior: dismiss and notify, webauthn:extension:credBlob: true, webauthn:extension:largeBlob: true, webauthn:virtualAuthenticators: true}
Element: [[ChromeDriver: chrome on windows (0a53327fad95bbc8d4d45ebe0d57df1b)] -&gt; id: APjFqb]
Session ID: 0a53327fad95bbc8d4d45ebe0d57df1b" type="org.openqa.selenium.ElementClickInterceptedException">
      <![CDATA[org.openqa.selenium.ElementClickInterceptedException: element click intercepted: Element <textarea class="gLFyf" jsaction="paste:puy29d;" id="APjFqb" maxlength="2048" name="q" rows="1" aria-activedescendant="" aria-autocomplete="both" aria-controls="Alh6id" aria-expanded="false" aria-haspopup="both" aria-owns="Alh6id" autocapitalize="off" autocomplete="off" autocorrect="off" autofocus="" role="combobox" spellcheck="false" title="Search" type="search" value="" aria-label="Search" data-ved="0ahUKEwiYranUzY2AAxUJz2EKHfJ2An0Q39UDCAQ"></textarea> is not clickable at point (275, 203). Other element would receive the click: <iframe role="presentation" frameborder="0" scrolling="no" name="callout" src="https://ogs.google.com/widget/callout?prid=19028915&amp;pgid=19027681&amp;puid=3e9e72cbc9a83b93&amp;cce=1&amp;dc=1&amp;origin=https%3A%2F%2Fwww.google.com&amp;cn=callout&amp;pid=1&amp;spid=538&amp;hl=en" style="height: 100%; width: 100%; color-scheme: light;"></iframe>
  (Session info: chrome=109.0.5414.149)
Build info: version: '4.10.0', revision: 'c14d967899'
System info: os.name: 'Windows 8.1', os.arch: 'amd64', os.version: '6.3', java.version: '17.0.5'
Driver info: org.openqa.selenium.chrome.ChromeDriver
Command: [0a53327fad95bbc8d4d45ebe0d57df1b, clickElement {id=acbfec52-c343-4290-afb4-dd5317bb2a9d}]
Capabilities {acceptInsecureCerts: false, browserName: chrome, browserVersion: 109.0.5414.149, chrome: {chromedriverVersion: 109.0.5414.74 (e7c5703604da..., userDataDir: C:\Users\ADMIN\AppData\Loca...}, goog:chromeOptions: {debuggerAddress: localhost:49646}, networkConnectionEnabled: false, pageLoadStrategy: normal, platformName: windows, proxy: Proxy(), se:cdp: ws://localhost:49646/devtoo..., se:cdpVersion: 109.0.5414.149, setWindowRect: true, strictFileInteractability: false, timeouts: {implicit: 0, pageLoad: 300000, script: 30000}, unhandledPromptBehavior: dismiss and notify, webauthn:extension:credBlob: true, webauthn:extension:largeBlob: true, webauthn:virtualAuthenticators: true}
Element: [[ChromeDriver: chrome on windows (0a53327fad95bbc8d4d45ebe0d57df1b)] -> id: APjFqb]
Session ID: 0a53327fad95bbc8d4d45ebe0d57df1b
at java.base/jdk.internal.reflect.NativeConstructorAccessorImpl.newInstance0(Native Method)
at java.base/jdk.internal.reflect.NativeConstructorAccessorImpl.newInstance(NativeConstructorAccessorImpl.java:77)
at java.base/jdk.internal.reflect.DelegatingConstructorAccessorImpl.newInstance(DelegatingConstructorAccessorImpl.java:45)
at java.base/java.lang.reflect.Constructor.newInstanceWithCaller(Constructor.java:499)
at java.base/java.lang.reflect.Constructor.newInstance(Constructor.java:480)
at org.openqa.selenium.remote.codec.w3c.W3CHttpResponseCodec.createException(W3CHttpResponseCodec.java:199)
at org.openqa.selenium.remote.codec.w3c.W3CHttpResponseCodec.decode(W3CHttpResponseCodec.java:132)
at org.openqa.selenium.remote.codec.w3c.W3CHttpResponseCodec.decode(W3CHttpResponseCodec.java:51)
at org.openqa.selenium.remote.HttpCommandExecutor.execute(HttpCommandExecutor.java:191)
at org.openqa.selenium.remote.service.DriverCommandExecutor.invokeExecute(DriverCommandExecutor.java:196)
at org.openqa.selenium.remote.service.DriverCommandExecutor.execute(DriverCommandExecutor.java:171)
at org.openqa.selenium.remote.RemoteWebDriver.execute(RemoteWebDriver.java:531)
at org.openqa.selenium.remote.RemoteWebElement.execute(RemoteWebElement.java:242)
at org.openqa.selenium.remote.RemoteWebElement.click(RemoteWebElement.java:77)
at test.T1Test.t1(T1Test.java:42)
at java.base/jdk.internal.reflect.NativeMethodAccessorImpl.invoke0(Native Method)
at java.base/jdk.internal.reflect.NativeMethodAccessorImpl.invoke(NativeMethodAccessorImpl.java:77)
at java.base/jdk.internal.reflect.DelegatingMethodAccessorImpl.invoke(DelegatingMethodAccessorImpl.java:43)
at java.base/java.lang.reflect.Method.invoke(Method.java:568)
at org.testng.internal.invokers.MethodInvocationHelper.invokeMethod(MethodInvocationHelper.java:139)
at org.testng.internal.invokers.TestInvoker.invokeMethod(TestInvoker.java:664)
at org.testng.internal.invokers.TestInvoker.invokeTestMethod(TestInvoker.java:227)
at org.testng.internal.invokers.MethodRunner.runInSequence(MethodRunner.java:50)
at org.testng.internal.invokers.TestInvoker$MethodInvocationAgent.invoke(TestInvoker.java:957)
at org.testng.internal.invokers.TestInvoker.invokeTestMethods(TestInvoker.java:200)
at org.testng.internal.invokers.TestMethodWorker.invokeTestMethods(TestMethodWorker.java:148)
at org.testng.internal.invokers.TestMethodWorker.run(TestMethodWorker.java:128)
at java.base/java.util.ArrayList.forEach(ArrayList.java:1511)
at org.testng.TestRunner.privateRun(TestRunner.java:848)
at org.testng.TestRunner.run(TestRunner.java:621)
at org.testng.SuiteRunner.runTest(SuiteRunner.java:443)
at org.testng.SuiteRunner.runSequentially(SuiteRunner.java:437)
at org.testng.SuiteRunner.privateRun(SuiteRunner.java:397)
at org.testng.SuiteRunner.run(SuiteRunner.java:336)
at org.testng.SuiteRunnerWorker.runSuite(SuiteRunnerWorker.java:52)
at org.testng.SuiteRunnerWorker.run(SuiteRunnerWorker.java:95)
at org.testng.TestNG.runSuitesSequentially(TestNG.java:1280)
at org.testng.TestNG.runSuitesLocally(TestNG.java:1200)
at org.testng.TestNG.runSuites(TestNG.java:1114)
at org.testng.TestNG.run(TestNG.java:1082)
at org.testng.remote.AbstractRemoteTestNG.run(AbstractRemoteTestNG.java:115)
at org.testng.remote.RemoteTestNG.initAndRun(RemoteTestNG.java:251)
at org.testng.remote.RemoteTestNG.main(RemoteTestNG.java:77)
]]>
    </error>
  </testcase> <!-- t1 -->
</testsuite> <!-- test.T1Test -->
